<?xml version="1.0" encoding="UTF-8"?>
<!-- Generated by org.testng.reporters.JUnitReportReporter -->
<testsuite skipped="0" hostname="sathyas-mbp" name="com.crm.qa.testcases.HomePageTest" tests="1" failures="0" timestamp="17 Jul 2019 11:41:05 GMT" time="67.607" errors="0">
  <testcase name="verifyContactsPageLabel" time="67.607" classname="com.crm.qa.testcases.HomePageTest"/>
</testsuite> <!-- com.crm.qa.testcases.HomePageTest -->
