<?xml version="1.0" encoding="UTF-8"?>
<!-- Generated by org.testng.reporters.JUnitReportReporter -->
<testsuite skipped="0" hostname="sathyas-mbp" name="com.fli.qa.testcases.HomePageTest" tests="5" failures="0" timestamp="17 Jul 2019 12:01:37 GMT" time="558.744" errors="0">
  <testcase name="verifyContactsPageLabel" time="69.575" classname="com.fli.qa.testcases.HomePageTest"/>
  <testcase name="verifyContactsPageLabel" time="69.848" classname="com.fli.qa.testcases.HomePageTest"/>
  <testcase name="verifyContactsPageLabel" time="72.453" classname="com.fli.qa.testcases.HomePageTest"/>
  <testcase name="verifyContactsPageLabel" time="279.661" classname="com.fli.qa.testcases.HomePageTest"/>
  <testcase name="verifyContactsPageLabel" time="67.207" classname="com.fli.qa.testcases.HomePageTest"/>
</testsuite> <!-- com.fli.qa.testcases.HomePageTest -->
